Using pre-set license

 COMMAND LINE ARGUMENTS:
/Applications/Unity/Unity.app/Contents/MacOS/Unity
-adb2
-batchMode
-noUpm
-name
AssetImportWorker0
-projectPath
/Users/game1-13/rudy 2d
-logFile
Logs/AssetImportWorker0.log
-srvPort
49844
Successfully changed project path to: /Users/game1-13/rudy 2d
/Users/game1-13/rudy 2d
Using Asset Import Pipeline V2.
Refreshing native plugins compatible for Editor in 74.49 ms, found 2 plugins.
Preloading 0 native plugins for Editor in 0.00 ms.
Initialize engine version: 2021.1.6f1 (c0fade0cc7e9)
[Subsystems] Discovering subsystems at path /Applications/Unity/Unity.app/Contents/Resources/UnitySubsystems
[Subsystems] Discovering subsystems at path /Users/game1-13/rudy 2d/Assets
GfxDevice: creating device client; threaded=0; jobified=0
2023-01-03 08:47:48.228 Unity[1374:24519] iMac preferred device: AMD Radeon Pro 5500 XT (high power)
2023-01-03 08:47:48.228 Unity[1374:24519] Metal devices available: 1
2023-01-03 08:47:48.228 Unity[1374:24519] 0: AMD Radeon Pro 5500 XT (high power)
2023-01-03 08:47:48.228 Unity[1374:24519] Using device AMD Radeon Pro 5500 XT (high power)
Initializing Metal device caps: AMD Radeon Pro 5500 XT
Initialize mono
Mono path[0] = '/Applications/Unity/Unity.app/Contents/Managed'
Mono path[1] = '/Applications/Unity/Unity.app/Contents/MonoBleedingEdge/lib/mono/unityjit'
Mono config path = '/Applications/Unity/Unity.app/Contents/MonoBleedingEdge/etc'
Using monoOptions --debugger-agent=transport=dt_socket,embedding=1,server=y,suspend=n,address=127.0.0.1:56374
Begin MonoManager ReloadAssembly
Registering precompiled unity dll's ...
Register platform support module: /Applications/Unity/Unity.app/Contents/PlaybackEngines/MacStandaloneSupport/UnityEditor.OSXStandalone.Extensions.dll
Registered in 0.000444 seconds.
Native extension for OSXStandalone target not found
Refreshing native plugins compatible for Editor in 67.29 ms, found 2 plugins.
Preloading 0 native plugins for Editor in 0.00 ms.
Mono: successfully reloaded assembly
- Completed reload, in  2.070 seconds
Platform modules already initialized, skipping
Registering precompiled user dll's ...
Registered in 0.004046 seconds.
Begin MonoManager ReloadAssembly
Native extension for OSXStandalone target not found
Refreshing native plugins compatible for Editor in 0.57 ms, found 2 plugins.
Preloading 0 native plugins for Editor in 0.00 ms.
Mono: successfully reloaded assembly
- Completed reload, in  1.080 seconds
Platform modules already initialized, skipping
========================================================================
Worker process is ready to serve import requests
Launching external process: /Applications/Unity/Unity.app/Contents/Tools/UnityShaderCompiler
Launched and connected shader compiler UnityShaderCompiler after 0.01 seconds
Refreshing native plugins compatible for Editor in 0.52 ms, found 2 plugins.
Preloading 0 native plugins for Editor in 0.00 ms.
Unloading 3139 Unused Serialized files (Serialized files now loaded: 0)
System memory in use before: 200.5 MB.
System memory in use after: 200.7 MB.

Unloading 29 unused Assets to reduce memory usage. Loaded Objects now: 3584.
Total: 1.845501 ms (FindLiveObjects: 0.195469 ms CreateObjectMapping: 0.116115 ms MarkObjects: 1.482244 ms  DeleteObjects: 0.050959 ms)

========================================================================
Received Import Request.
  path: Assets/Art/Sprites/rudy.png
  artifactKey: Guid(ca78ba726eb124b7da7d01253679ad74) Importer(815301076,1909f56bfc062723c751e8b465ee728b)
Start importing Assets/Art/Sprites/rudy.png using Guid(ca78ba726eb124b7da7d01253679ad74) Importer(815301076,1909f56bfc062723c751e8b465ee728b)  -> (artifact id: 'e10e4692562c55026a8715677c98e615') in 0.939808 seconds 
========================================================================
Received Import Request.
  Time since last request: 18.649544 seconds.
  path: Assets/Art/Sprites/Characters
  artifactKey: Guid(ff0aa22beee37e947b64088c003dfa20) Importer(815301076,1909f56bfc062723c751e8b465ee728b)
Start importing Assets/Art/Sprites/Characters using Guid(ff0aa22beee37e947b64088c003dfa20) Importer(815301076,1909f56bfc062723c751e8b465ee728b)  -> (artifact id: '0cee3beee5f5c2ae13062d53506489a2') in 0.000923 seconds 
========================================================================
Received Import Request.
  Time since last request: 0.042585 seconds.
  path: Assets/Art/Sprites/Characters/JambiSheet.png
  artifactKey: Guid(255841382d607e24a8317d9ab167f414) Importer(815301076,1909f56bfc062723c751e8b465ee728b)
Start importing Assets/Art/Sprites/Characters/JambiSheet.png using Guid(255841382d607e24a8317d9ab167f414) Importer(815301076,1909f56bfc062723c751e8b465ee728b)  -> (artifact id: '57a409da011d482a9b0c144448dd9662') in 0.013893 seconds 
========================================================================
Received Import Request.
  Time since last request: 0.000094 seconds.
  path: Assets/Art/Sprites/Characters/RubySheet.png
  artifactKey: Guid(c1dbff5bcb29cdd4bbb8de3a29f2328c) Importer(815301076,1909f56bfc062723c751e8b465ee728b)
Start importing Assets/Art/Sprites/Characters/RubySheet.png using Guid(c1dbff5bcb29cdd4bbb8de3a29f2328c) Importer(815301076,1909f56bfc062723c751e8b465ee728b)  -> (artifact id: '08b46265c0f37bc3c0eb11087b9e6d94') in 0.064914 seconds 
========================================================================
Received Import Request.
  Time since last request: 0.000100 seconds.
  path: Assets/Art/Sprites/Characters/MrClockworkSheet.png
  artifactKey: Guid(651c4abeb0812e74685da0e5a31c8dff) Importer(815301076,1909f56bfc062723c751e8b465ee728b)
Start importing Assets/Art/Sprites/Characters/MrClockworkSheet.png using Guid(651c4abeb0812e74685da0e5a31c8dff) Importer(815301076,1909f56bfc062723c751e8b465ee728b)  -> (artifact id: '0674e716dfec86b056f0eba22b4b8439') in 0.053755 seconds 
========================================================================
Received Import Request.
  Time since last request: 51.676125 seconds.
  path: Assets/Art/Animations
  artifactKey: Guid(c2511782ee2ec2049bd34dd5311d72e0) Importer(815301076,1909f56bfc062723c751e8b465ee728b)
Start importing Assets/Art/Animations using Guid(c2511782ee2ec2049bd34dd5311d72e0) Importer(815301076,1909f56bfc062723c751e8b465ee728b)  -> (artifact id: 'b510a228b6367b06187e55095d50d124') in 0.000860 seconds 
========================================================================
Received Import Request.
  Time since last request: 0.568885 seconds.
  path: Assets/Art/Sprites
  artifactKey: Guid(393943900ba2b6c4cb80f5e4a5d0806c) Importer(815301076,1909f56bfc062723c751e8b465ee728b)
Start importing Assets/Art/Sprites using Guid(393943900ba2b6c4cb80f5e4a5d0806c) Importer(815301076,1909f56bfc062723c751e8b465ee728b)  -> (artifact id: '0e1aba6cdf6850f5b85ae83ca3c754bf') in 0.000861 seconds 
========================================================================
Received Import Request.
  Time since last request: 78.629769 seconds.
  path: Assets/Scripts
  artifactKey: Guid(f0639996052ea444a9a2552adaa506c5) Importer(815301076,1909f56bfc062723c751e8b465ee728b)
Start importing Assets/Scripts using Guid(f0639996052ea444a9a2552adaa506c5) Importer(815301076,1909f56bfc062723c751e8b465ee728b)  -> (artifact id: '05218e99b3f2d595c2c9f2614553d4da') in 0.002299 seconds 
========================================================================
Received Import Request.
  Time since last request: 18.544067 seconds.
  path: Assets/Scripts/rubycontroller.cs
  artifactKey: Guid(c1857104f8581499faef2a5512beac20) Importer(815301076,1909f56bfc062723c751e8b465ee728b)
Start importing Assets/Scripts/rubycontroller.cs using Guid(c1857104f8581499faef2a5512beac20) Importer(815301076,1909f56bfc062723c751e8b465ee728b)  -> (artifact id: 'c042cdf77a98acc8f8549a1e43c815ae') in 0.251650 seconds 
========================================================================
Received Prepare
Registering precompiled user dll's ...
Registered in 0.004152 seconds.
Begin MonoManager ReloadAssembly
Native extension for OSXStandalone target not found
Refreshing native plugins compatible for Editor in 0.53 ms, found 2 plugins.
Preloading 0 native plugins for Editor in 0.00 ms.
Mono: successfully reloaded assembly
- Completed reload, in  1.017 seconds
Platform modules already initialized, skipping
Refreshing native plugins compatible for Editor in 0.45 ms, found 2 plugins.
Preloading 0 native plugins for Editor in 0.00 ms.
Unloading 3139 Unused Serialized files (Serialized files now loaded: 0)
System memory in use before: 220.1 MB.
System memory in use after: 220.3 MB.

Unloading 20 unused Assets to reduce memory usage. Loaded Objects now: 3657.
Total: 2.934096 ms (FindLiveObjects: 0.317442 ms CreateObjectMapping: 0.233882 ms MarkObjects: 2.337259 ms  DeleteObjects: 0.042984 ms)

========================================================================
Received Prepare
Registering precompiled user dll's ...
Registered in 0.004465 seconds.
Begin MonoManager ReloadAssembly
Native extension for OSXStandalone target not found
Refreshing native plugins compatible for Editor in 0.53 ms, found 2 plugins.
Preloading 0 native plugins for Editor in 0.00 ms.
Mono: successfully reloaded assembly
- Completed reload, in  0.982 seconds
Platform modules already initialized, skipping
Refreshing native plugins compatible for Editor in 0.47 ms, found 2 plugins.
Preloading 0 native plugins for Editor in 0.00 ms.
Unloading 3135 Unused Serialized files (Serialized files now loaded: 0)
System memory in use before: 220.2 MB.
System memory in use after: 220.4 MB.

Unloading 20 unused Assets to reduce memory usage. Loaded Objects now: 3659.
Total: 1.818596 ms (FindLiveObjects: 0.194591 ms CreateObjectMapping: 0.123265 ms MarkObjects: 1.471285 ms  DeleteObjects: 0.028867 ms)

========================================================================
Received Import Request.
  Time since last request: 205.698907 seconds.
  path: Assets/Scripts/rubycontroller.cs
  artifactKey: Guid(c1857104f8581499faef2a5512beac20) Importer(815301076,1909f56bfc062723c751e8b465ee728b)
Start importing Assets/Scripts/rubycontroller.cs using Guid(c1857104f8581499faef2a5512beac20) Importer(815301076,1909f56bfc062723c751e8b465ee728b)  -> (artifact id: 'e6f2491d5cff2e894d0919718414e053') in 0.004615 seconds 
========================================================================
Received Prepare
Registering precompiled user dll's ...
Registered in 0.002546 seconds.
Begin MonoManager ReloadAssembly
Native extension for OSXStandalone target not found
Refreshing native plugins compatible for Editor in 0.52 ms, found 2 plugins.
Preloading 0 native plugins for Editor in 0.00 ms.
Mono: successfully reloaded assembly
- Completed reload, in  0.992 seconds
Platform modules already initialized, skipping
Refreshing native plugins compatible for Editor in 0.49 ms, found 2 plugins.
Preloading 0 native plugins for Editor in 0.00 ms.
Unloading 3135 Unused Serialized files (Serialized files now loaded: 0)
System memory in use before: 220.4 MB.
System memory in use after: 220.6 MB.

Unloading 20 unused Assets to reduce memory usage. Loaded Objects now: 3661.
Total: 1.903958 ms (FindLiveObjects: 0.205036 ms CreateObjectMapping: 0.132163 ms MarkObjects: 1.531506 ms  DeleteObjects: 0.034466 ms)

========================================================================
Received Prepare
Registering precompiled user dll's ...
Registered in 0.002490 seconds.
Begin MonoManager ReloadAssembly
Native extension for OSXStandalone target not found
Refreshing native plugins compatible for Editor in 0.54 ms, found 2 plugins.
Preloading 0 native plugins for Editor in 0.00 ms.
Mono: successfully reloaded assembly
- Completed reload, in  0.993 seconds
Platform modules already initialized, skipping
Refreshing native plugins compatible for Editor in 0.49 ms, found 2 plugins.
Preloading 0 native plugins for Editor in 0.00 ms.
Unloading 3135 Unused Serialized files (Serialized files now loaded: 0)
System memory in use before: 220.6 MB.
System memory in use after: 220.8 MB.

Unloading 20 unused Assets to reduce memory usage. Loaded Objects now: 3663.
Total: 1.839532 ms (FindLiveObjects: 0.195497 ms CreateObjectMapping: 0.124339 ms MarkObjects: 1.487435 ms  DeleteObjects: 0.031522 ms)

========================================================================
Received Prepare
Registering precompiled user dll's ...
Registered in 0.002423 seconds.
Begin MonoManager ReloadAssembly
Native extension for OSXStandalone target not found
Refreshing native plugins compatible for Editor in 0.53 ms, found 2 plugins.
Preloading 0 native plugins for Editor in 0.00 ms.
Mono: successfully reloaded assembly
- Completed reload, in  0.982 seconds
Platform modules already initialized, skipping
Refreshing native plugins compatible for Editor in 0.49 ms, found 2 plugins.
Preloading 0 native plugins for Editor in 0.00 ms.
Unloading 3135 Unused Serialized files (Serialized files now loaded: 0)
System memory in use before: 220.8 MB.
System memory in use after: 221.0 MB.

Unloading 20 unused Assets to reduce memory usage. Loaded Objects now: 3665.
Total: 1.866240 ms (FindLiveObjects: 0.198437 ms CreateObjectMapping: 0.124789 ms MarkObjects: 1.512006 ms  DeleteObjects: 0.030432 ms)

========================================================================
Received Import Request.
  Time since last request: 515.374280 seconds.
  path: Assets/Scripts/rubycontroller.cs
  artifactKey: Guid(c1857104f8581499faef2a5512beac20) Importer(815301076,1909f56bfc062723c751e8b465ee728b)
Start importing Assets/Scripts/rubycontroller.cs using Guid(c1857104f8581499faef2a5512beac20) Importer(815301076,1909f56bfc062723c751e8b465ee728b)  -> (artifact id: 'bbefbf57011538980a3144bbe26fd2ad') in 0.004625 seconds 
========================================================================
Received Prepare
Registering precompiled user dll's ...
Registered in 0.002513 seconds.
Begin MonoManager ReloadAssembly
Native extension for OSXStandalone target not found
Refreshing native plugins compatible for Editor in 0.53 ms, found 2 plugins.
Preloading 0 native plugins for Editor in 0.00 ms.
Mono: successfully reloaded assembly
- Completed reload, in  0.979 seconds
Platform modules already initialized, skipping
Refreshing native plugins compatible for Editor in 0.47 ms, found 2 plugins.
Preloading 0 native plugins for Editor in 0.00 ms.
Unloading 3135 Unused Serialized files (Serialized files now loaded: 0)
System memory in use before: 221.0 MB.
System memory in use after: 221.2 MB.

Unloading 20 unused Assets to reduce memory usage. Loaded Objects now: 3667.
Total: 1.879159 ms (FindLiveObjects: 0.199763 ms CreateObjectMapping: 0.134026 ms MarkObjects: 1.512206 ms  DeleteObjects: 0.032451 ms)

========================================================================
Received Prepare
Registering precompiled user dll's ...
Registered in 0.002907 seconds.
Begin MonoManager ReloadAssembly
Native extension for OSXStandalone target not found
Refreshing native plugins compatible for Editor in 0.54 ms, found 2 plugins.
Preloading 0 native plugins for Editor in 0.00 ms.
Mono: successfully reloaded assembly
- Completed reload, in  0.976 seconds
Platform modules already initialized, skipping
Refreshing native plugins compatible for Editor in 0.50 ms, found 2 plugins.
Preloading 0 native plugins for Editor in 0.00 ms.
Unloading 3135 Unused Serialized files (Serialized files now loaded: 0)
System memory in use before: 221.2 MB.
System memory in use after: 221.4 MB.

Unloading 20 unused Assets to reduce memory usage. Loaded Objects now: 3669.
Total: 1.876370 ms (FindLiveObjects: 0.203866 ms CreateObjectMapping: 0.125853 ms MarkObjects: 1.512886 ms  DeleteObjects: 0.033095 ms)

========================================================================
Received Prepare
Registering precompiled user dll's ...
Registered in 0.002487 seconds.
Begin MonoManager ReloadAssembly
Native extension for OSXStandalone target not found
Refreshing native plugins compatible for Editor in 0.53 ms, found 2 plugins.
Preloading 0 native plugins for Editor in 0.00 ms.
Mono: successfully reloaded assembly
- Completed reload, in  0.984 seconds
Platform modules already initialized, skipping
Refreshing native plugins compatible for Editor in 0.49 ms, found 2 plugins.
Preloading 0 native plugins for Editor in 0.00 ms.
Unloading 3135 Unused Serialized files (Serialized files now loaded: 0)
System memory in use before: 221.4 MB.
System memory in use after: 221.6 MB.

Unloading 20 unused Assets to reduce memory usage. Loaded Objects now: 3671.
Total: 1.966848 ms (FindLiveObjects: 0.199279 ms CreateObjectMapping: 0.125956 ms MarkObjects: 1.608789 ms  DeleteObjects: 0.031800 ms)

========================================================================
Received Prepare
Registering precompiled user dll's ...
Registered in 0.005105 seconds.
Begin MonoManager ReloadAssembly
Native extension for OSXStandalone target not found
Refreshing native plugins compatible for Editor in 0.53 ms, found 2 plugins.
Preloading 0 native plugins for Editor in 0.00 ms.
Mono: successfully reloaded assembly
- Completed reload, in  0.983 seconds
Platform modules already initialized, skipping
Refreshing native plugins compatible for Editor in 0.43 ms, found 2 plugins.
Preloading 0 native plugins for Editor in 0.00 ms.
Unloading 3135 Unused Serialized files (Serialized files now loaded: 0)
System memory in use before: 221.6 MB.
System memory in use after: 221.8 MB.

Unloading 20 unused Assets to reduce memory usage. Loaded Objects now: 3673.
Total: 1.836341 ms (FindLiveObjects: 0.192152 ms CreateObjectMapping: 0.119851 ms MarkObjects: 1.494849 ms  DeleteObjects: 0.028787 ms)

